{"/home/jnmorse/code/image-hunter/src/lib/feed/src/atom1.ts": {"path":"/home/jnmorse/code/image-hunter/src/lib/feed/src/atom1.ts","statementMap":{"0":{"start":{"line":1,"column":0},"end":{"line":1,"column":37}},"1":{"start":{"line":2,"column":0},"end":{"line":2,"column":34}},"2":{"start":{"line":6,"column":0},"end":{"line":155,"column":2}},"3":{"start":{"line":7,"column":10},"end":{"line":7,"column":17}},"4":{"start":{"line":9,"column":20},"end":{"line":18,"column":4}},"5":{"start":{"line":20,"column":2},"end":{"line":22,"column":null}},"6":{"start":{"line":21,"column":4},"end":{"line":21,"column":52}},"7":{"start":{"line":24,"column":2},"end":{"line":24,"column":22}},"8":{"start":{"line":27,"column":2},"end":{"line":29,"column":null}},"9":{"start":{"line":28,"column":4},"end":{"line":28,"column":83}},"10":{"start":{"line":32,"column":19},"end":{"line":32,"column":80}},"11":{"start":{"line":34,"column":2},"end":{"line":36,"column":null}},"12":{"start":{"line":35,"column":4},"end":{"line":35,"column":74}},"13":{"start":{"line":39,"column":2},"end":{"line":41,"column":null}},"14":{"start":{"line":40,"column":4},"end":{"line":40,"column":76}},"15":{"start":{"line":47,"column":2},"end":{"line":49,"column":null}},"16":{"start":{"line":48,"column":4},"end":{"line":48,"column":45}},"17":{"start":{"line":51,"column":2},"end":{"line":53,"column":null}},"18":{"start":{"line":52,"column":4},"end":{"line":52,"column":35}},"19":{"start":{"line":55,"column":2},"end":{"line":57,"column":null}},"20":{"start":{"line":56,"column":4},"end":{"line":56,"column":37}},"21":{"start":{"line":59,"column":2},"end":{"line":61,"column":null}},"22":{"start":{"line":60,"column":4},"end":{"line":60,"column":41}},"23":{"start":{"line":63,"column":2},"end":{"line":63,"column":26}},"24":{"start":{"line":65,"column":2},"end":{"line":67,"column":5}},"25":{"start":{"line":66,"column":4},"end":{"line":66,"column":65}},"26":{"start":{"line":69,"column":2},"end":{"line":69,"column":29}},"27":{"start":{"line":71,"column":2},"end":{"line":73,"column":5}},"28":{"start":{"line":72,"column":4},"end":{"line":72,"column":58}},"29":{"start":{"line":77,"column":2},"end":{"line":77,"column":23}},"30":{"start":{"line":82,"column":2},"end":{"line":152,"column":5}},"31":{"start":{"line":87,"column":40},"end":{"line":92,"column":6}},"32":{"start":{"line":97,"column":4},"end":{"line":102,"column":null}},"33":{"start":{"line":98,"column":6},"end":{"line":101,"column":8}},"34":{"start":{"line":104,"column":4},"end":{"line":109,"column":null}},"35":{"start":{"line":105,"column":6},"end":{"line":108,"column":8}},"36":{"start":{"line":112,"column":4},"end":{"line":118,"column":null}},"37":{"start":{"line":113,"column":6},"end":{"line":113,"column":24}},"38":{"start":{"line":115,"column":6},"end":{"line":117,"column":9}},"39":{"start":{"line":116,"column":8},"end":{"line":116,"column":48}},"40":{"start":{"line":131,"column":4},"end":{"line":137,"column":null}},"41":{"start":{"line":132,"column":6},"end":{"line":132,"column":29}},"42":{"start":{"line":134,"column":6},"end":{"line":136,"column":9}},"43":{"start":{"line":135,"column":8},"end":{"line":135,"column":58}},"44":{"start":{"line":140,"column":4},"end":{"line":142,"column":null}},"45":{"start":{"line":141,"column":6},"end":{"line":141,"column":53}},"46":{"start":{"line":147,"column":4},"end":{"line":149,"column":null}},"47":{"start":{"line":148,"column":6},"end":{"line":148,"column":36}},"48":{"start":{"line":151,"column":4},"end":{"line":151,"column":32}},"49":{"start":{"line":154,"column":2},"end":{"line":154,"column":81}},"50":{"start":{"line":157,"column":21},"end":{"line":165,"column":1}},"51":{"start":{"line":158,"column":10},"end":{"line":158,"column":14}},"52":{"start":{"line":158,"column":16},"end":{"line":158,"column":21}},"53":{"start":{"line":158,"column":23},"end":{"line":158,"column":27}},"54":{"start":{"line":160,"column":2},"end":{"line":164,"column":4}}},"fnMap":{"0":{"name":"(anonymous_0)","decl":{"start":{"line":6,"column":15},"end":{"line":6,"column":16}},"loc":{"start":{"line":6,"column":25},"end":{"line":155,"column":1}}},"1":{"name":"(anonymous_1)","decl":{"start":{"line":65,"column":21},"end":{"line":65,"column":22}},"loc":{"start":{"line":65,"column":38},"end":{"line":67,"column":3}}},"2":{"name":"(anonymous_2)","decl":{"start":{"line":71,"column":23},"end":{"line":71,"column":24}},"loc":{"start":{"line":71,"column":43},"end":{"line":73,"column":3}}},"3":{"name":"(anonymous_3)","decl":{"start":{"line":82,"column":16},"end":{"line":82,"column":17}},"loc":{"start":{"line":82,"column":27},"end":{"line":152,"column":3}}},"4":{"name":"(anonymous_4)","decl":{"start":{"line":115,"column":22},"end":{"line":115,"column":23}},"loc":{"start":{"line":115,"column":37},"end":{"line":117,"column":7}}},"5":{"name":"(anonymous_5)","decl":{"start":{"line":134,"column":27},"end":{"line":134,"column":28}},"loc":{"start":{"line":134,"column":47},"end":{"line":136,"column":7}}},"6":{"name":"(anonymous_6)","decl":{"start":{"line":157,"column":21},"end":{"line":157,"column":22}},"loc":{"start":{"line":157,"column":36},"end":{"line":165,"column":1}}}},"branchMap":{"0":{"loc":{"start":{"line":15,"column":33},"end":{"line":15,"column":62}},"type":"cond-expr","locations":[{"start":{"line":15,"column":33},"end":{"line":15,"column":62}},{"start":{"line":15,"column":65},"end":{"line":15,"column":89}}]},"1":{"loc":{"start":{"line":16,"column":17},"end":{"line":16,"column":34}},"type":"binary-expr","locations":[{"start":{"line":16,"column":17},"end":{"line":16,"column":34}},{"start":{"line":16,"column":38},"end":{"line":16,"column":47}}]},"2":{"loc":{"start":{"line":20,"column":2},"end":{"line":22,"column":null}},"type":"if","locations":[{"start":{"line":20,"column":2},"end":{"line":22,"column":null}},{"start":{"line":20,"column":2},"end":{"line":22,"column":null}}]},"3":{"loc":{"start":{"line":27,"column":2},"end":{"line":29,"column":null}},"type":"if","locations":[{"start":{"line":27,"column":2},"end":{"line":29,"column":null}},{"start":{"line":27,"column":2},"end":{"line":29,"column":null}}]},"4":{"loc":{"start":{"line":32,"column":19},"end":{"line":32,"column":31}},"type":"binary-expr","locations":[{"start":{"line":32,"column":19},"end":{"line":32,"column":31}},{"start":{"line":32,"column":36},"end":{"line":32,"column":53}},{"start":{"line":32,"column":57},"end":{"line":32,"column":79}}]},"5":{"loc":{"start":{"line":34,"column":2},"end":{"line":36,"column":null}},"type":"if","locations":[{"start":{"line":34,"column":2},"end":{"line":36,"column":null}},{"start":{"line":34,"column":2},"end":{"line":36,"column":null}}]},"6":{"loc":{"start":{"line":39,"column":2},"end":{"line":41,"column":null}},"type":"if","locations":[{"start":{"line":39,"column":2},"end":{"line":41,"column":null}},{"start":{"line":39,"column":2},"end":{"line":41,"column":null}}]},"7":{"loc":{"start":{"line":47,"column":2},"end":{"line":49,"column":null}},"type":"if","locations":[{"start":{"line":47,"column":2},"end":{"line":49,"column":null}},{"start":{"line":47,"column":2},"end":{"line":49,"column":null}}]},"8":{"loc":{"start":{"line":51,"column":2},"end":{"line":53,"column":null}},"type":"if","locations":[{"start":{"line":51,"column":2},"end":{"line":53,"column":null}},{"start":{"line":51,"column":2},"end":{"line":53,"column":null}}]},"9":{"loc":{"start":{"line":55,"column":2},"end":{"line":57,"column":null}},"type":"if","locations":[{"start":{"line":55,"column":2},"end":{"line":57,"column":null}},{"start":{"line":55,"column":2},"end":{"line":57,"column":null}}]},"10":{"loc":{"start":{"line":59,"column":2},"end":{"line":61,"column":null}},"type":"if","locations":[{"start":{"line":59,"column":2},"end":{"line":61,"column":null}},{"start":{"line":59,"column":2},"end":{"line":61,"column":null}}]},"11":{"loc":{"start":{"line":89,"column":10},"end":{"line":89,"column":17}},"type":"binary-expr","locations":[{"start":{"line":89,"column":10},"end":{"line":89,"column":17}},{"start":{"line":89,"column":21},"end":{"line":89,"column":30}}]},"12":{"loc":{"start":{"line":97,"column":4},"end":{"line":102,"column":null}},"type":"if","locations":[{"start":{"line":97,"column":4},"end":{"line":102,"column":null}},{"start":{"line":97,"column":4},"end":{"line":102,"column":null}}]},"13":{"loc":{"start":{"line":104,"column":4},"end":{"line":109,"column":null}},"type":"if","locations":[{"start":{"line":104,"column":4},"end":{"line":109,"column":null}},{"start":{"line":104,"column":4},"end":{"line":109,"column":null}}]},"14":{"loc":{"start":{"line":112,"column":4},"end":{"line":118,"column":null}},"type":"if","locations":[{"start":{"line":112,"column":4},"end":{"line":118,"column":null}},{"start":{"line":112,"column":4},"end":{"line":118,"column":null}}]},"15":{"loc":{"start":{"line":131,"column":4},"end":{"line":137,"column":null}},"type":"if","locations":[{"start":{"line":131,"column":4},"end":{"line":137,"column":null}},{"start":{"line":131,"column":4},"end":{"line":137,"column":null}}]},"16":{"loc":{"start":{"line":131,"column":8},"end":{"line":131,"column":24}},"type":"binary-expr","locations":[{"start":{"line":131,"column":8},"end":{"line":131,"column":24}},{"start":{"line":131,"column":28},"end":{"line":131,"column":59}}]},"17":{"loc":{"start":{"line":140,"column":4},"end":{"line":142,"column":null}},"type":"if","locations":[{"start":{"line":140,"column":4},"end":{"line":142,"column":null}},{"start":{"line":140,"column":4},"end":{"line":142,"column":null}}]},"18":{"loc":{"start":{"line":147,"column":4},"end":{"line":149,"column":null}},"type":"if","locations":[{"start":{"line":147,"column":4},"end":{"line":149,"column":null}},{"start":{"line":147,"column":4},"end":{"line":149,"column":null}}]}},"s":{"0":3,"1":3,"2":3,"3":1,"4":1,"5":1,"6":1,"7":1,"8":1,"9":1,"10":1,"11":1,"12":1,"13":1,"14":0,"15":1,"16":1,"17":1,"18":1,"19":1,"20":0,"21":1,"22":1,"23":1,"24":1,"25":1,"26":1,"27":1,"28":1,"29":1,"30":1,"31":1,"32":1,"33":1,"34":1,"35":1,"36":1,"37":1,"38":1,"39":2,"40":1,"41":1,"42":1,"43":2,"44":1,"45":1,"46":1,"47":0,"48":1,"49":1,"50":3,"51":6,"52":6,"53":6,"54":6},"f":{"0":1,"1":1,"2":1,"3":1,"4":2,"5":2,"6":6},"b":{"0":[1,0],"1":[1,1],"2":[1,0],"3":[1,0],"4":[1,0,0],"5":[1,0],"6":[0,1],"7":[1,0],"8":[1,0],"9":[0,1],"10":[1,0],"11":[1,0],"12":[1,0],"13":[1,0],"14":[1,0],"15":[1,0],"16":[1,1],"17":[1,0],"18":[0,1]}}
,"/home/jnmorse/code/image-hunter/src/lib/feed/src/feed.ts": {"path":"/home/jnmorse/code/image-hunter/src/lib/feed/src/feed.ts","statementMap":{"0":{"start":{"line":1,"column":0},"end":{"line":1,"column":33}},"1":{"start":{"line":2,"column":0},"end":{"line":2,"column":32}},"2":{"start":{"line":3,"column":0},"end":{"line":3,"column":31}},"3":{"start":{"line":6,"column":0},"end":{"line":6,"column":13}},"4":{"start":{"line":13,"column":2},"end":{"line":13,"column":14}},"5":{"start":{"line":8,"column":2},"end":{"line":8,"column":21}},"6":{"start":{"line":9,"column":2},"end":{"line":9,"column":28}},"7":{"start":{"line":10,"column":2},"end":{"line":10,"column":30}},"8":{"start":{"line":11,"column":2},"end":{"line":11,"column":31}},"9":{"start":{"line":17,"column":9},"end":{"line":17,"column":57}},"10":{"start":{"line":17,"column":35},"end":{"line":17,"column":57}},"11":{"start":{"line":19,"column":9},"end":{"line":19,"column":76}},"12":{"start":{"line":19,"column":45},"end":{"line":19,"column":76}},"13":{"start":{"line":21,"column":9},"end":{"line":21,"column":87}},"14":{"start":{"line":21,"column":51},"end":{"line":21,"column":87}},"15":{"start":{"line":23,"column":9},"end":{"line":23,"column":82}},"16":{"start":{"line":23,"column":50},"end":{"line":23,"column":82}},"17":{"start":{"line":28,"column":9},"end":{"line":28,"column":48}},"18":{"start":{"line":28,"column":31},"end":{"line":28,"column":48}},"19":{"start":{"line":33,"column":9},"end":{"line":33,"column":46}},"20":{"start":{"line":33,"column":30},"end":{"line":33,"column":46}},"21":{"start":{"line":38,"column":9},"end":{"line":38,"column":48}},"22":{"start":{"line":38,"column":31},"end":{"line":38,"column":48}},"23":{"start":{"line":14,"column":4},"end":{"line":14,"column":27}},"24":{"start":{"line":39,"column":0},"end":{"line":39,"column":null}},"25":{"start":{"line":6,"column":13},"end":{"line":6,"column":17}}},"fnMap":{"0":{"name":"(anonymous_0)","decl":{"start":{"line":6,"column":0},"end":{"line":6,"column":13}},"loc":{"start":{"line":6,"column":0},"end":{"line":39,"column":null}}},"1":{"name":"Feed","decl":{"start":{"line":13,"column":2},"end":{"line":13,"column":14}},"loc":{"start":{"line":13,"column":34},"end":{"line":15,"column":3}}},"2":{"name":"(anonymous_2)","decl":{"start":{"line":17,"column":19},"end":{"line":17,"column":20}},"loc":{"start":{"line":17,"column":30},"end":{"line":17,"column":39}}},"3":{"name":"(anonymous_3)","decl":{"start":{"line":19,"column":23},"end":{"line":19,"column":24}},"loc":{"start":{"line":19,"column":40},"end":{"line":19,"column":49}}},"4":{"name":"(anonymous_4)","decl":{"start":{"line":21,"column":26},"end":{"line":21,"column":27}},"loc":{"start":{"line":21,"column":46},"end":{"line":21,"column":55}}},"5":{"name":"(anonymous_5)","decl":{"start":{"line":23,"column":24},"end":{"line":23,"column":25}},"loc":{"start":{"line":23,"column":45},"end":{"line":23,"column":54}}},"6":{"name":"(anonymous_6)","decl":{"start":{"line":28,"column":17},"end":{"line":28,"column":31}},"loc":{"start":{"line":28,"column":17},"end":{"line":28,"column":41}}},"7":{"name":"(anonymous_7)","decl":{"start":{"line":33,"column":16},"end":{"line":33,"column":30}},"loc":{"start":{"line":33,"column":16},"end":{"line":33,"column":39}}},"8":{"name":"(anonymous_8)","decl":{"start":{"line":38,"column":17},"end":{"line":38,"column":31}},"loc":{"start":{"line":38,"column":17},"end":{"line":38,"column":41}}}},"branchMap":{},"s":{"0":3,"1":3,"2":3,"3":3,"4":3,"5":3,"6":3,"7":3,"8":3,"9":3,"10":3,"11":3,"12":3,"13":3,"14":3,"15":3,"16":3,"17":3,"18":1,"19":3,"20":1,"21":3,"22":1,"23":3,"24":3,"25":3},"f":{"0":3,"1":3,"2":3,"3":3,"4":3,"5":3,"6":1,"7":1,"8":1},"b":{}}
,"/home/jnmorse/code/image-hunter/src/lib/feed/src/json.ts": {"path":"/home/jnmorse/code/image-hunter/src/lib/feed/src/json.ts","statementMap":{"0":{"start":{"line":4,"column":0},"end":{"line":95,"column":2}},"1":{"start":{"line":5,"column":10},"end":{"line":5,"column":17}},"2":{"start":{"line":5,"column":19},"end":{"line":5,"column":24}},"3":{"start":{"line":5,"column":26},"end":{"line":5,"column":36}},"4":{"start":{"line":7,"column":18},"end":{"line":10,"column":4}},"5":{"start":{"line":12,"column":2},"end":{"line":14,"column":null}},"6":{"start":{"line":13,"column":4},"end":{"line":13,"column":38}},"7":{"start":{"line":16,"column":2},"end":{"line":18,"column":null}},"8":{"start":{"line":17,"column":4},"end":{"line":17,"column":43}},"9":{"start":{"line":20,"column":2},"end":{"line":22,"column":null}},"10":{"start":{"line":21,"column":4},"end":{"line":21,"column":43}},"11":{"start":{"line":24,"column":2},"end":{"line":26,"column":null}},"12":{"start":{"line":25,"column":4},"end":{"line":25,"column":30}},"13":{"start":{"line":28,"column":2},"end":{"line":36,"column":null}},"14":{"start":{"line":29,"column":4},"end":{"line":29,"column":21}},"15":{"start":{"line":30,"column":4},"end":{"line":32,"column":null}},"16":{"start":{"line":31,"column":6},"end":{"line":31,"column":45}},"17":{"start":{"line":33,"column":4},"end":{"line":35,"column":null}},"18":{"start":{"line":34,"column":6},"end":{"line":34,"column":44}},"19":{"start":{"line":38,"column":2},"end":{"line":40,"column":5}},"20":{"start":{"line":39,"column":4},"end":{"line":39,"column":29}},"21":{"start":{"line":42,"column":2},"end":{"line":92,"column":5}},"22":{"start":{"line":43,"column":24},"end":{"line":48,"column":6}},"23":{"start":{"line":49,"column":4},"end":{"line":51,"column":null}},"24":{"start":{"line":50,"column":6},"end":{"line":50,"column":31}},"25":{"start":{"line":52,"column":4},"end":{"line":54,"column":null}},"26":{"start":{"line":53,"column":6},"end":{"line":53,"column":34}},"27":{"start":{"line":55,"column":4},"end":{"line":57,"column":null}},"28":{"start":{"line":56,"column":6},"end":{"line":56,"column":42}},"29":{"start":{"line":59,"column":4},"end":{"line":61,"column":null}},"30":{"start":{"line":60,"column":6},"end":{"line":60,"column":34}},"31":{"start":{"line":63,"column":4},"end":{"line":65,"column":null}},"32":{"start":{"line":64,"column":6},"end":{"line":64,"column":55}},"33":{"start":{"line":66,"column":4},"end":{"line":68,"column":null}},"34":{"start":{"line":67,"column":6},"end":{"line":67,"column":61}},"35":{"start":{"line":70,"column":4},"end":{"line":83,"column":null}},"36":{"start":{"line":71,"column":38},"end":{"line":71,"column":49}},"37":{"start":{"line":72,"column":6},"end":{"line":75,"column":null}},"38":{"start":{"line":74,"column":8},"end":{"line":74,"column":27}},"39":{"start":{"line":76,"column":6},"end":{"line":76,"column":27}},"40":{"start":{"line":77,"column":6},"end":{"line":79,"column":null}},"41":{"start":{"line":78,"column":8},"end":{"line":78,"column":43}},"42":{"start":{"line":80,"column":6},"end":{"line":82,"column":null}},"43":{"start":{"line":81,"column":8},"end":{"line":81,"column":42}},"44":{"start":{"line":85,"column":4},"end":{"line":89,"column":null}},"45":{"start":{"line":86,"column":6},"end":{"line":88,"column":9}},"46":{"start":{"line":87,"column":8},"end":{"line":87,"column":37}},"47":{"start":{"line":91,"column":4},"end":{"line":91,"column":20}},"48":{"start":{"line":94,"column":2},"end":{"line":94,"column":39}}},"fnMap":{"0":{"name":"(anonymous_0)","decl":{"start":{"line":4,"column":15},"end":{"line":4,"column":16}},"loc":{"start":{"line":4,"column":25},"end":{"line":95,"column":1}}},"1":{"name":"(anonymous_1)","decl":{"start":{"line":38,"column":17},"end":{"line":38,"column":18}},"loc":{"start":{"line":38,"column":30},"end":{"line":40,"column":3}}},"2":{"name":"(anonymous_2)","decl":{"start":{"line":42,"column":25},"end":{"line":42,"column":26}},"loc":{"start":{"line":42,"column":36},"end":{"line":92,"column":3}}},"3":{"name":"(anonymous_3)","decl":{"start":{"line":86,"column":26},"end":{"line":86,"column":27}},"loc":{"start":{"line":86,"column":39},"end":{"line":88,"column":7}}}},"branchMap":{"0":{"loc":{"start":{"line":12,"column":2},"end":{"line":14,"column":null}},"type":"if","locations":[{"start":{"line":12,"column":2},"end":{"line":14,"column":null}},{"start":{"line":12,"column":2},"end":{"line":14,"column":null}}]},"1":{"loc":{"start":{"line":16,"column":2},"end":{"line":18,"column":null}},"type":"if","locations":[{"start":{"line":16,"column":2},"end":{"line":18,"column":null}},{"start":{"line":16,"column":2},"end":{"line":18,"column":null}}]},"2":{"loc":{"start":{"line":16,"column":6},"end":{"line":16,"column":23}},"type":"binary-expr","locations":[{"start":{"line":16,"column":6},"end":{"line":16,"column":23}},{"start":{"line":16,"column":27},"end":{"line":16,"column":49}}]},"3":{"loc":{"start":{"line":20,"column":2},"end":{"line":22,"column":null}},"type":"if","locations":[{"start":{"line":20,"column":2},"end":{"line":22,"column":null}},{"start":{"line":20,"column":2},"end":{"line":22,"column":null}}]},"4":{"loc":{"start":{"line":24,"column":2},"end":{"line":26,"column":null}},"type":"if","locations":[{"start":{"line":24,"column":2},"end":{"line":26,"column":null}},{"start":{"line":24,"column":2},"end":{"line":26,"column":null}}]},"5":{"loc":{"start":{"line":28,"column":2},"end":{"line":36,"column":null}},"type":"if","locations":[{"start":{"line":28,"column":2},"end":{"line":36,"column":null}},{"start":{"line":28,"column":2},"end":{"line":36,"column":null}}]},"6":{"loc":{"start":{"line":30,"column":4},"end":{"line":32,"column":null}},"type":"if","locations":[{"start":{"line":30,"column":4},"end":{"line":32,"column":null}},{"start":{"line":30,"column":4},"end":{"line":32,"column":null}}]},"7":{"loc":{"start":{"line":33,"column":4},"end":{"line":35,"column":null}},"type":"if","locations":[{"start":{"line":33,"column":4},"end":{"line":35,"column":null}},{"start":{"line":33,"column":4},"end":{"line":35,"column":null}}]},"8":{"loc":{"start":{"line":49,"column":4},"end":{"line":51,"column":null}},"type":"if","locations":[{"start":{"line":49,"column":4},"end":{"line":51,"column":null}},{"start":{"line":49,"column":4},"end":{"line":51,"column":null}}]},"9":{"loc":{"start":{"line":52,"column":4},"end":{"line":54,"column":null}},"type":"if","locations":[{"start":{"line":52,"column":4},"end":{"line":54,"column":null}},{"start":{"line":52,"column":4},"end":{"line":54,"column":null}}]},"10":{"loc":{"start":{"line":55,"column":4},"end":{"line":57,"column":null}},"type":"if","locations":[{"start":{"line":55,"column":4},"end":{"line":57,"column":null}},{"start":{"line":55,"column":4},"end":{"line":57,"column":null}}]},"11":{"loc":{"start":{"line":59,"column":4},"end":{"line":61,"column":null}},"type":"if","locations":[{"start":{"line":59,"column":4},"end":{"line":61,"column":null}},{"start":{"line":59,"column":4},"end":{"line":61,"column":null}}]},"12":{"loc":{"start":{"line":63,"column":4},"end":{"line":65,"column":null}},"type":"if","locations":[{"start":{"line":63,"column":4},"end":{"line":65,"column":null}},{"start":{"line":63,"column":4},"end":{"line":65,"column":null}}]},"13":{"loc":{"start":{"line":66,"column":4},"end":{"line":68,"column":null}},"type":"if","locations":[{"start":{"line":66,"column":4},"end":{"line":68,"column":null}},{"start":{"line":66,"column":4},"end":{"line":68,"column":null}}]},"14":{"loc":{"start":{"line":70,"column":4},"end":{"line":83,"column":null}},"type":"if","locations":[{"start":{"line":70,"column":4},"end":{"line":83,"column":null}},{"start":{"line":70,"column":4},"end":{"line":83,"column":null}}]},"15":{"loc":{"start":{"line":72,"column":6},"end":{"line":75,"column":null}},"type":"if","locations":[{"start":{"line":72,"column":6},"end":{"line":75,"column":null}},{"start":{"line":72,"column":6},"end":{"line":75,"column":null}}]},"16":{"loc":{"start":{"line":77,"column":6},"end":{"line":79,"column":null}},"type":"if","locations":[{"start":{"line":77,"column":6},"end":{"line":79,"column":null}},{"start":{"line":77,"column":6},"end":{"line":79,"column":null}}]},"17":{"loc":{"start":{"line":80,"column":6},"end":{"line":82,"column":null}},"type":"if","locations":[{"start":{"line":80,"column":6},"end":{"line":82,"column":null}},{"start":{"line":80,"column":6},"end":{"line":82,"column":null}}]},"18":{"loc":{"start":{"line":85,"column":4},"end":{"line":89,"column":null}},"type":"if","locations":[{"start":{"line":85,"column":4},"end":{"line":89,"column":null}},{"start":{"line":85,"column":4},"end":{"line":89,"column":null}}]}},"s":{"0":3,"1":1,"2":1,"3":1,"4":1,"5":1,"6":1,"7":1,"8":0,"9":1,"10":1,"11":1,"12":1,"13":1,"14":1,"15":1,"16":1,"17":1,"18":1,"19":1,"20":1,"21":1,"22":1,"23":1,"24":1,"25":1,"26":1,"27":1,"28":1,"29":1,"30":1,"31":1,"32":1,"33":1,"34":1,"35":1,"36":1,"37":1,"38":1,"39":1,"40":1,"41":1,"42":1,"43":1,"44":1,"45":1,"46":2,"47":1,"48":1},"f":{"0":1,"1":1,"2":1,"3":2},"b":{"0":[1,0],"1":[0,1],"2":[1,0],"3":[1,0],"4":[1,0],"5":[1,0],"6":[1,0],"7":[1,0],"8":[1,0],"9":[1,0],"10":[1,0],"11":[1,0],"12":[1,0],"13":[1,0],"14":[1,0],"15":[1,0],"16":[1,0],"17":[1,0],"18":[1,0]}}
,"/home/jnmorse/code/image-hunter/src/lib/feed/src/rss2.ts": {"path":"/home/jnmorse/code/image-hunter/src/lib/feed/src/rss2.ts","statementMap":{"0":{"start":{"line":1,"column":0},"end":{"line":1,"column":34}},"1":{"start":{"line":2,"column":0},"end":{"line":2,"column":37}},"2":{"start":{"line":6,"column":0},"end":{"line":182,"column":2}},"3":{"start":{"line":7,"column":10},"end":{"line":7,"column":17}},"4":{"start":{"line":8,"column":15},"end":{"line":8,"column":20}},"5":{"start":{"line":9,"column":18},"end":{"line":9,"column":23}},"6":{"start":{"line":11,"column":20},"end":{"line":31,"column":4}},"7":{"start":{"line":37,"column":2},"end":{"line":39,"column":null}},"8":{"start":{"line":38,"column":4},"end":{"line":38,"column":60}},"9":{"start":{"line":45,"column":2},"end":{"line":51,"column":null}},"10":{"start":{"line":46,"column":4},"end":{"line":50,"column":6}},"11":{"start":{"line":57,"column":2},"end":{"line":59,"column":null}},"12":{"start":{"line":58,"column":4},"end":{"line":58,"column":62}},"13":{"start":{"line":65,"column":2},"end":{"line":70,"column":5}},"14":{"start":{"line":66,"column":4},"end":{"line":68,"column":null}},"15":{"start":{"line":67,"column":6},"end":{"line":67,"column":37}},"16":{"start":{"line":69,"column":4},"end":{"line":69,"column":56}},"17":{"start":{"line":77,"column":4},"end":{"line":77,"column":65}},"18":{"start":{"line":78,"column":2},"end":{"line":89,"column":null}},"19":{"start":{"line":79,"column":4},"end":{"line":79,"column":18}},"20":{"start":{"line":80,"column":4},"end":{"line":88,"column":6}},"21":{"start":{"line":95,"column":2},"end":{"line":106,"column":null}},"22":{"start":{"line":96,"column":4},"end":{"line":96,"column":18}},"23":{"start":{"line":97,"column":4},"end":{"line":99,"column":null}},"24":{"start":{"line":98,"column":6},"end":{"line":98,"column":41}},"25":{"start":{"line":100,"column":4},"end":{"line":105,"column":6}},"26":{"start":{"line":112,"column":2},"end":{"line":112,"column":29}},"27":{"start":{"line":114,"column":2},"end":{"line":167,"column":5}},"28":{"start":{"line":115,"column":20},"end":{"line":115,"column":22}},"29":{"start":{"line":117,"column":4},"end":{"line":119,"column":null}},"30":{"start":{"line":118,"column":6},"end":{"line":118,"column":43}},"31":{"start":{"line":121,"column":4},"end":{"line":123,"column":null}},"32":{"start":{"line":122,"column":6},"end":{"line":122,"column":40}},"33":{"start":{"line":125,"column":4},"end":{"line":129,"column":null}},"34":{"start":{"line":126,"column":6},"end":{"line":126,"column":40}},"35":{"start":{"line":127,"column":11},"end":{"line":129,"column":null}},"36":{"start":{"line":128,"column":6},"end":{"line":128,"column":40}},"37":{"start":{"line":131,"column":4},"end":{"line":133,"column":null}},"38":{"start":{"line":132,"column":6},"end":{"line":132,"column":57}},"39":{"start":{"line":135,"column":4},"end":{"line":137,"column":null}},"40":{"start":{"line":136,"column":6},"end":{"line":136,"column":55}},"41":{"start":{"line":139,"column":4},"end":{"line":142,"column":null}},"42":{"start":{"line":140,"column":6},"end":{"line":140,"column":23}},"43":{"start":{"line":141,"column":6},"end":{"line":141,"column":58}},"44":{"start":{"line":147,"column":4},"end":{"line":154,"column":null}},"45":{"start":{"line":148,"column":6},"end":{"line":148,"column":23}},"46":{"start":{"line":149,"column":6},"end":{"line":153,"column":9}},"47":{"start":{"line":150,"column":8},"end":{"line":152,"column":null}},"48":{"start":{"line":151,"column":10},"end":{"line":151,"column":79}},"49":{"start":{"line":156,"column":4},"end":{"line":158,"column":null}},"50":{"start":{"line":157,"column":6},"end":{"line":157,"column":61}},"51":{"start":{"line":160,"column":4},"end":{"line":164,"column":null}},"52":{"start":{"line":161,"column":6},"end":{"line":163,"column":9}},"53":{"start":{"line":162,"column":8},"end":{"line":162,"column":49}},"54":{"start":{"line":166,"column":4},"end":{"line":166,"column":37}},"55":{"start":{"line":169,"column":2},"end":{"line":172,"column":null}},"56":{"start":{"line":170,"column":4},"end":{"line":171,"column":49}},"57":{"start":{"line":174,"column":2},"end":{"line":176,"column":null}},"58":{"start":{"line":175,"column":4},"end":{"line":175,"column":71}},"59":{"start":{"line":177,"column":2},"end":{"line":181,"column":5}}},"fnMap":{"0":{"name":"(anonymous_0)","decl":{"start":{"line":6,"column":15},"end":{"line":6,"column":16}},"loc":{"start":{"line":6,"column":25},"end":{"line":182,"column":1}}},"1":{"name":"(anonymous_1)","decl":{"start":{"line":65,"column":21},"end":{"line":65,"column":29}},"loc":{"start":{"line":65,"column":29},"end":{"line":70,"column":3}}},"2":{"name":"(anonymous_2)","decl":{"start":{"line":114,"column":16},"end":{"line":114,"column":17}},"loc":{"start":{"line":114,"column":28},"end":{"line":167,"column":3}}},"3":{"name":"(anonymous_3)","decl":{"start":{"line":149,"column":23},"end":{"line":149,"column":24}},"loc":{"start":{"line":149,"column":38},"end":{"line":153,"column":7}}},"4":{"name":"(anonymous_4)","decl":{"start":{"line":161,"column":27},"end":{"line":161,"column":36}},"loc":{"start":{"line":161,"column":36},"end":{"line":163,"column":7}}}},"branchMap":{"0":{"loc":{"start":{"line":24,"column":14},"end":{"line":24,"column":43}},"type":"cond-expr","locations":[{"start":{"line":24,"column":14},"end":{"line":24,"column":43}},{"start":{"line":25,"column":14},"end":{"line":25,"column":38}}]},"1":{"loc":{"start":{"line":28,"column":28},"end":{"line":28,"column":45}},"type":"binary-expr","locations":[{"start":{"line":28,"column":28},"end":{"line":28,"column":45}},{"start":{"line":28,"column":49},"end":{"line":28,"column":58}}]},"2":{"loc":{"start":{"line":37,"column":2},"end":{"line":39,"column":null}},"type":"if","locations":[{"start":{"line":37,"column":2},"end":{"line":39,"column":null}},{"start":{"line":37,"column":2},"end":{"line":39,"column":null}}]},"3":{"loc":{"start":{"line":45,"column":2},"end":{"line":51,"column":null}},"type":"if","locations":[{"start":{"line":45,"column":2},"end":{"line":51,"column":null}},{"start":{"line":45,"column":2},"end":{"line":51,"column":null}}]},"4":{"loc":{"start":{"line":57,"column":2},"end":{"line":59,"column":null}},"type":"if","locations":[{"start":{"line":57,"column":2},"end":{"line":59,"column":null}},{"start":{"line":57,"column":2},"end":{"line":59,"column":null}}]},"5":{"loc":{"start":{"line":66,"column":4},"end":{"line":68,"column":null}},"type":"if","locations":[{"start":{"line":66,"column":4},"end":{"line":68,"column":null}},{"start":{"line":66,"column":4},"end":{"line":68,"column":null}}]},"6":{"loc":{"start":{"line":77,"column":4},"end":{"line":77,"column":16}},"type":"binary-expr","locations":[{"start":{"line":77,"column":4},"end":{"line":77,"column":16}},{"start":{"line":77,"column":21},"end":{"line":77,"column":38}},{"start":{"line":77,"column":42},"end":{"line":77,"column":64}}]},"7":{"loc":{"start":{"line":78,"column":2},"end":{"line":89,"column":null}},"type":"if","locations":[{"start":{"line":78,"column":2},"end":{"line":89,"column":null}},{"start":{"line":78,"column":2},"end":{"line":89,"column":null}}]},"8":{"loc":{"start":{"line":95,"column":2},"end":{"line":106,"column":null}},"type":"if","locations":[{"start":{"line":95,"column":2},"end":{"line":106,"column":null}},{"start":{"line":95,"column":2},"end":{"line":106,"column":null}}]},"9":{"loc":{"start":{"line":97,"column":4},"end":{"line":99,"column":null}},"type":"if","locations":[{"start":{"line":97,"column":4},"end":{"line":99,"column":null}},{"start":{"line":97,"column":4},"end":{"line":99,"column":null}}]},"10":{"loc":{"start":{"line":117,"column":4},"end":{"line":119,"column":null}},"type":"if","locations":[{"start":{"line":117,"column":4},"end":{"line":119,"column":null}},{"start":{"line":117,"column":4},"end":{"line":119,"column":null}}]},"11":{"loc":{"start":{"line":121,"column":4},"end":{"line":123,"column":null}},"type":"if","locations":[{"start":{"line":121,"column":4},"end":{"line":123,"column":null}},{"start":{"line":121,"column":4},"end":{"line":123,"column":null}}]},"12":{"loc":{"start":{"line":125,"column":4},"end":{"line":129,"column":null}},"type":"if","locations":[{"start":{"line":125,"column":4},"end":{"line":129,"column":null}},{"start":{"line":125,"column":4},"end":{"line":129,"column":null}}]},"13":{"loc":{"start":{"line":127,"column":11},"end":{"line":129,"column":null}},"type":"if","locations":[{"start":{"line":127,"column":11},"end":{"line":129,"column":null}},{"start":{"line":127,"column":11},"end":{"line":129,"column":null}}]},"14":{"loc":{"start":{"line":131,"column":4},"end":{"line":133,"column":null}},"type":"if","locations":[{"start":{"line":131,"column":4},"end":{"line":133,"column":null}},{"start":{"line":131,"column":4},"end":{"line":133,"column":null}}]},"15":{"loc":{"start":{"line":135,"column":4},"end":{"line":137,"column":null}},"type":"if","locations":[{"start":{"line":135,"column":4},"end":{"line":137,"column":null}},{"start":{"line":135,"column":4},"end":{"line":137,"column":null}}]},"16":{"loc":{"start":{"line":139,"column":4},"end":{"line":142,"column":null}},"type":"if","locations":[{"start":{"line":139,"column":4},"end":{"line":142,"column":null}},{"start":{"line":139,"column":4},"end":{"line":142,"column":null}}]},"17":{"loc":{"start":{"line":147,"column":4},"end":{"line":154,"column":null}},"type":"if","locations":[{"start":{"line":147,"column":4},"end":{"line":154,"column":null}},{"start":{"line":147,"column":4},"end":{"line":154,"column":null}}]},"18":{"loc":{"start":{"line":150,"column":8},"end":{"line":152,"column":null}},"type":"if","locations":[{"start":{"line":150,"column":8},"end":{"line":152,"column":null}},{"start":{"line":150,"column":8},"end":{"line":152,"column":null}}]},"19":{"loc":{"start":{"line":150,"column":12},"end":{"line":150,"column":24}},"type":"binary-expr","locations":[{"start":{"line":150,"column":12},"end":{"line":150,"column":24}},{"start":{"line":150,"column":28},"end":{"line":150,"column":39}}]},"20":{"loc":{"start":{"line":156,"column":4},"end":{"line":158,"column":null}},"type":"if","locations":[{"start":{"line":156,"column":4},"end":{"line":158,"column":null}},{"start":{"line":156,"column":4},"end":{"line":158,"column":null}}]},"21":{"loc":{"start":{"line":160,"column":4},"end":{"line":164,"column":null}},"type":"if","locations":[{"start":{"line":160,"column":4},"end":{"line":164,"column":null}},{"start":{"line":160,"column":4},"end":{"line":164,"column":null}}]},"22":{"loc":{"start":{"line":160,"column":8},"end":{"line":160,"column":24}},"type":"binary-expr","locations":[{"start":{"line":160,"column":8},"end":{"line":160,"column":24}},{"start":{"line":160,"column":28},"end":{"line":160,"column":51}}]},"23":{"loc":{"start":{"line":169,"column":2},"end":{"line":172,"column":null}},"type":"if","locations":[{"start":{"line":169,"column":2},"end":{"line":172,"column":null}},{"start":{"line":169,"column":2},"end":{"line":172,"column":null}}]},"24":{"loc":{"start":{"line":174,"column":2},"end":{"line":176,"column":null}},"type":"if","locations":[{"start":{"line":174,"column":2},"end":{"line":176,"column":null}},{"start":{"line":174,"column":2},"end":{"line":176,"column":null}}]}},"s":{"0":3,"1":3,"2":3,"3":1,"4":1,"5":1,"6":1,"7":1,"8":1,"9":1,"10":1,"11":1,"12":1,"13":1,"14":1,"15":1,"16":1,"17":1,"18":1,"19":1,"20":1,"21":1,"22":0,"23":0,"24":0,"25":0,"26":1,"27":1,"28":1,"29":1,"30":1,"31":1,"32":1,"33":1,"34":0,"35":1,"36":1,"37":1,"38":1,"39":1,"40":1,"41":1,"42":1,"43":1,"44":1,"45":1,"46":1,"47":2,"48":2,"49":1,"50":1,"51":1,"52":1,"53":2,"54":1,"55":1,"56":1,"57":1,"58":1,"59":1},"f":{"0":1,"1":1,"2":1,"3":2,"4":2},"b":{"0":[1,0],"1":[1,1],"2":[1,0],"3":[1,0],"4":[1,0],"5":[1,0],"6":[1,0,0],"7":[1,0],"8":[0,1],"9":[0,0],"10":[1,0],"11":[1,0],"12":[0,1],"13":[1,0],"14":[1,0],"15":[1,0],"16":[1,0],"17":[1,0],"18":[2,0],"19":[2,2],"20":[1,0],"21":[1,0],"22":[1,1],"23":[1,0],"24":[1,0]}}
,"/home/jnmorse/code/image-hunter/src/lib/feed/src/__tests__/setup.ts": {"path":"/home/jnmorse/code/image-hunter/src/lib/feed/src/__tests__/setup.ts","statementMap":{"0":{"start":{"line":1,"column":0},"end":{"line":1,"column":31}},"1":{"start":{"line":3,"column":16},"end":{"line":3,"column":57}},"2":{"start":{"line":4,"column":18},"end":{"line":4,"column":59}},"3":{"start":{"line":6,"column":13},"end":{"line":22,"column":3}},"4":{"start":{"line":24,"column":0},"end":{"line":24,"column":37}},"5":{"start":{"line":26,"column":0},"end":{"line":30,"column":3}},"6":{"start":{"line":32,"column":0},"end":{"line":81,"column":3}},"7":{"start":{"line":83,"column":0},"end":{"line":89,"column":3}}},"fnMap":{},"branchMap":{},"s":{"0":3,"1":3,"2":3,"3":3,"4":3,"5":3,"6":3,"7":3},"f":{},"b":{}}
,"/home/jnmorse/code/image-hunter/src/lib/feed/src/config/index.ts": {"path":"/home/jnmorse/code/image-hunter/src/lib/feed/src/config/index.ts","statementMap":{"0":{"start":{"line":1,"column":13},"end":{"line":1,"column":61}}},"fnMap":{},"branchMap":{},"s":{"0":3},"f":{},"b":{}}
}
