TN:
SF:/home/jnmorse/code/image-hunter/src/lib/feed/src/atom1.ts
FN:6,(anonymous_0)
FN:65,(anonymous_1)
FN:71,(anonymous_2)
FN:82,(anonymous_3)
FN:115,(anonymous_4)
FN:134,(anonymous_5)
FN:157,(anonymous_6)
FNF:7
FNH:7
FNDA:1,(anonymous_0)
FNDA:1,(anonymous_1)
FNDA:1,(anonymous_2)
FNDA:1,(anonymous_3)
FNDA:2,(anonymous_4)
FNDA:2,(anonymous_5)
FNDA:6,(anonymous_6)
DA:1,3
DA:2,3
DA:6,3
DA:7,1
DA:9,1
DA:20,1
DA:21,1
DA:24,1
DA:27,1
DA:28,1
DA:32,1
DA:34,1
DA:35,1
DA:39,1
DA:40,0
DA:47,1
DA:48,1
DA:51,1
DA:52,1
DA:55,1
DA:56,0
DA:59,1
DA:60,1
DA:63,1
DA:65,1
DA:66,1
DA:69,1
DA:71,1
DA:72,1
DA:77,1
DA:82,1
DA:87,1
DA:97,1
DA:98,1
DA:104,1
DA:105,1
DA:112,1
DA:113,1
DA:115,1
DA:116,2
DA:131,1
DA:132,1
DA:134,1
DA:135,2
DA:140,1
DA:141,1
DA:147,1
DA:148,0
DA:151,1
DA:154,1
DA:157,3
DA:158,6
DA:160,6
LF:53
LH:50
BRDA:15,0,0,1
BRDA:15,0,1,0
BRDA:16,1,0,1
BRDA:16,1,1,1
BRDA:20,2,0,1
BRDA:20,2,1,0
BRDA:27,3,0,1
BRDA:27,3,1,0
BRDA:32,4,0,1
BRDA:32,4,1,0
BRDA:32,4,2,0
BRDA:34,5,0,1
BRDA:34,5,1,0
BRDA:39,6,0,0
BRDA:39,6,1,1
BRDA:47,7,0,1
BRDA:47,7,1,0
BRDA:51,8,0,1
BRDA:51,8,1,0
BRDA:55,9,0,0
BRDA:55,9,1,1
BRDA:59,10,0,1
BRDA:59,10,1,0
BRDA:89,11,0,1
BRDA:89,11,1,0
BRDA:97,12,0,1
BRDA:97,12,1,0
BRDA:104,13,0,1
BRDA:104,13,1,0
BRDA:112,14,0,1
BRDA:112,14,1,0
BRDA:131,15,0,1
BRDA:131,15,1,0
BRDA:131,16,0,1
BRDA:131,16,1,1
BRDA:140,17,0,1
BRDA:140,17,1,0
BRDA:147,18,0,0
BRDA:147,18,1,1
BRF:39
BRH:21
end_of_record
TN:
SF:/home/jnmorse/code/image-hunter/src/lib/feed/src/feed.ts
FN:6,(anonymous_0)
FN:13,Feed
FN:17,(anonymous_2)
FN:19,(anonymous_3)
FN:21,(anonymous_4)
FN:23,(anonymous_5)
FN:28,(anonymous_6)
FN:33,(anonymous_7)
FN:38,(anonymous_8)
FNF:9
FNH:9
FNDA:3,(anonymous_0)
FNDA:3,Feed
FNDA:3,(anonymous_2)
FNDA:3,(anonymous_3)
FNDA:3,(anonymous_4)
FNDA:3,(anonymous_5)
FNDA:1,(anonymous_6)
FNDA:1,(anonymous_7)
FNDA:1,(anonymous_8)
DA:1,3
DA:2,3
DA:3,3
DA:6,3
DA:8,3
DA:9,3
DA:10,3
DA:11,3
DA:13,3
DA:14,3
DA:17,3
DA:19,3
DA:21,3
DA:23,3
DA:28,3
DA:33,3
DA:38,3
DA:39,3
LF:18
LH:18
BRF:0
BRH:0
end_of_record
TN:
SF:/home/jnmorse/code/image-hunter/src/lib/feed/src/json.ts
FN:4,(anonymous_0)
FN:38,(anonymous_1)
FN:42,(anonymous_2)
FN:86,(anonymous_3)
FNF:4
FNH:4
FNDA:1,(anonymous_0)
FNDA:1,(anonymous_1)
FNDA:1,(anonymous_2)
FNDA:2,(anonymous_3)
DA:4,3
DA:5,1
DA:7,1
DA:12,1
DA:13,1
DA:16,1
DA:17,0
DA:20,1
DA:21,1
DA:24,1
DA:25,1
DA:28,1
DA:29,1
DA:30,1
DA:31,1
DA:33,1
DA:34,1
DA:38,1
DA:39,1
DA:42,1
DA:43,1
DA:49,1
DA:50,1
DA:52,1
DA:53,1
DA:55,1
DA:56,1
DA:59,1
DA:60,1
DA:63,1
DA:64,1
DA:66,1
DA:67,1
DA:70,1
DA:71,1
DA:72,1
DA:74,1
DA:76,1
DA:77,1
DA:78,1
DA:80,1
DA:81,1
DA:85,1
DA:86,1
DA:87,2
DA:91,1
DA:94,1
LF:47
LH:46
BRDA:12,0,0,1
BRDA:12,0,1,0
BRDA:16,1,0,0
BRDA:16,1,1,1
BRDA:16,2,0,1
BRDA:16,2,1,0
BRDA:20,3,0,1
BRDA:20,3,1,0
BRDA:24,4,0,1
BRDA:24,4,1,0
BRDA:28,5,0,1
BRDA:28,5,1,0
BRDA:30,6,0,1
BRDA:30,6,1,0
BRDA:33,7,0,1
BRDA:33,7,1,0
BRDA:49,8,0,1
BRDA:49,8,1,0
BRDA:52,9,0,1
BRDA:52,9,1,0
BRDA:55,10,0,1
BRDA:55,10,1,0
BRDA:59,11,0,1
BRDA:59,11,1,0
BRDA:63,12,0,1
BRDA:63,12,1,0
BRDA:66,13,0,1
BRDA:66,13,1,0
BRDA:70,14,0,1
BRDA:70,14,1,0
BRDA:72,15,0,1
BRDA:72,15,1,0
BRDA:77,16,0,1
BRDA:77,16,1,0
BRDA:80,17,0,1
BRDA:80,17,1,0
BRDA:85,18,0,1
BRDA:85,18,1,0
BRF:38
BRH:19
end_of_record
TN:
SF:/home/jnmorse/code/image-hunter/src/lib/feed/src/rss2.ts
FN:6,(anonymous_0)
FN:65,(anonymous_1)
FN:114,(anonymous_2)
FN:149,(anonymous_3)
FN:161,(anonymous_4)
FNF:5
FNH:5
FNDA:1,(anonymous_0)
FNDA:1,(anonymous_1)
FNDA:1,(anonymous_2)
FNDA:2,(anonymous_3)
FNDA:2,(anonymous_4)
DA:1,3
DA:2,3
DA:6,3
DA:7,1
DA:8,1
DA:9,1
DA:11,1
DA:37,1
DA:38,1
DA:45,1
DA:46,1
DA:57,1
DA:58,1
DA:65,1
DA:66,1
DA:67,1
DA:69,1
DA:77,1
DA:78,1
DA:79,1
DA:80,1
DA:95,1
DA:96,0
DA:97,0
DA:98,0
DA:100,0
DA:112,1
DA:114,1
DA:115,1
DA:117,1
DA:118,1
DA:121,1
DA:122,1
DA:125,1
DA:126,0
DA:127,1
DA:128,1
DA:131,1
DA:132,1
DA:135,1
DA:136,1
DA:139,1
DA:140,1
DA:141,1
DA:147,1
DA:148,1
DA:149,1
DA:150,2
DA:151,2
DA:156,1
DA:157,1
DA:160,1
DA:161,1
DA:162,2
DA:166,1
DA:169,1
DA:170,1
DA:174,1
DA:175,1
DA:177,1
LF:60
LH:55
BRDA:24,0,0,1
BRDA:24,0,1,0
BRDA:28,1,0,1
BRDA:28,1,1,1
BRDA:37,2,0,1
BRDA:37,2,1,0
BRDA:45,3,0,1
BRDA:45,3,1,0
BRDA:57,4,0,1
BRDA:57,4,1,0
BRDA:66,5,0,1
BRDA:66,5,1,0
BRDA:77,6,0,1
BRDA:77,6,1,0
BRDA:77,6,2,0
BRDA:78,7,0,1
BRDA:78,7,1,0
BRDA:95,8,0,0
BRDA:95,8,1,1
BRDA:97,9,0,0
BRDA:97,9,1,0
BRDA:117,10,0,1
BRDA:117,10,1,0
BRDA:121,11,0,1
BRDA:121,11,1,0
BRDA:125,12,0,0
BRDA:125,12,1,1
BRDA:127,13,0,1
BRDA:127,13,1,0
BRDA:131,14,0,1
BRDA:131,14,1,0
BRDA:135,15,0,1
BRDA:135,15,1,0
BRDA:139,16,0,1
BRDA:139,16,1,0
BRDA:147,17,0,1
BRDA:147,17,1,0
BRDA:150,18,0,2
BRDA:150,18,1,0
BRDA:150,19,0,2
BRDA:150,19,1,2
BRDA:156,20,0,1
BRDA:156,20,1,0
BRDA:160,21,0,1
BRDA:160,21,1,0
BRDA:160,22,0,1
BRDA:160,22,1,1
BRDA:169,23,0,1
BRDA:169,23,1,0
BRDA:174,24,0,1
BRDA:174,24,1,0
BRF:51
BRH:27
end_of_record
TN:
SF:/home/jnmorse/code/image-hunter/src/lib/feed/src/__tests__/setup.ts
FNF:0
FNH:0
DA:1,3
DA:3,3
DA:4,3
DA:6,3
DA:24,3
DA:26,3
DA:32,3
DA:83,3
LF:8
LH:8
BRF:0
BRH:0
end_of_record
TN:
SF:/home/jnmorse/code/image-hunter/src/lib/feed/src/config/index.ts
FNF:0
FNH:0
DA:1,3
LF:1
LH:1
BRF:0
BRH:0
end_of_record
